2020-08-21 13:55:08.285  INFO 8332 --- [restartedMain] c.i.filecabinet.FilecabinetApplication   : Starting FilecabinetApplication on WIN-5EPR6LP83C0 with PID 8332 (C:\projects\filecabinet\target\classes started by User in C:\projects\filecabinet)
2020-08-21 13:55:08.285  INFO 8332 --- [restartedMain] c.i.filecabinet.FilecabinetApplication   : No active profile set, falling back to default profiles: default
2020-08-21 13:55:08.479  INFO 8332 --- [restartedMain] .s.d.r.c.RepositoryConfigurationDelegate : Bootstrapping Spring Data JPA repositories in DEFERRED mode.
2020-08-21 13:55:08.502  INFO 8332 --- [restartedMain] .s.d.r.c.RepositoryConfigurationDelegate : Finished Spring Data repository scanning in 22ms. Found 6 JPA repository interfaces.
2020-08-21 13:55:08.692  INFO 8332 --- [restartedMain] o.s.b.w.embedded.tomcat.TomcatWebServer  : Tomcat initialized with port(s): 8080 (http)
2020-08-21 13:55:08.693  INFO 8332 --- [restartedMain] o.apache.catalina.core.StandardService   : Starting service [Tomcat]
2020-08-21 13:55:08.693  INFO 8332 --- [restartedMain] org.apache.catalina.core.StandardEngine  : Starting Servlet engine: [Apache Tomcat/9.0.36]
2020-08-21 13:55:08.706  INFO 8332 --- [restartedMain] o.a.c.c.C.[Tomcat].[localhost].[/]       : Initializing Spring embedded WebApplicationContext
2020-08-21 13:55:08.706  INFO 8332 --- [restartedMain] w.s.c.ServletWebServerApplicationContext : Root WebApplicationContext: initialization completed in 419 ms
2020-08-21 13:55:08.761  INFO 8332 --- [restartedMain] o.s.s.concurrent.ThreadPoolTaskExecutor  : Initializing ExecutorService 'applicationTaskExecutor'
2020-08-21 13:55:08.763  INFO 8332 --- [restartedMain] com.zaxxer.hikari.HikariDataSource       : HikariPool-7 - Starting...
2020-08-21 13:55:08.806  INFO 8332 --- [restartedMain] com.zaxxer.hikari.HikariDataSource       : HikariPool-7 - Start completed.
2020-08-21 13:55:08.857  INFO 8332 --- [task-1] o.hibernate.jpa.internal.util.LogHelper  : HHH000204: Processing PersistenceUnitInfo [name: default]
2020-08-21 13:55:08.862  INFO 8332 --- [task-1] org.hibernate.dialect.Dialect            : HHH000400: Using dialect: org.hibernate.dialect.PostgreSQL10Dialect
2020-08-21 13:55:08.929  INFO 8332 --- [restartedMain] o.s.b.a.w.s.WelcomePageHandlerMapping    : Adding welcome page template: index
2020-08-21 13:55:09.089  INFO 8332 --- [restartedMain] o.s.b.d.a.OptionalLiveReloadServer       : LiveReload server is running on port 35729
2020-08-21 13:55:09.101  INFO 8332 --- [restartedMain] o.s.b.w.embedded.tomcat.TomcatWebServer  : Tomcat started on port(s): 8080 (http) with context path ''
2020-08-21 13:55:09.102  INFO 8332 --- [restartedMain] DeferredRepositoryInitializationListener : Triggering deferred initialization of Spring Data repositories…
2020-08-21 13:55:09.746  INFO 8332 --- [task-1] o.h.e.t.j.p.i.JtaPlatformInitiator       : HHH000490: Using JtaPlatform implementation: [org.hibernate.engine.transaction.jta.platform.internal.NoJtaPlatform]
2020-08-21 13:55:09.746  INFO 8332 --- [task-1] j.LocalContainerEntityManagerFactoryBean : Initialized JPA EntityManagerFactory for persistence unit 'default'
2020-08-21 13:55:10.095  INFO 8332 --- [restartedMain] DeferredRepositoryInitializationListener : Spring Data repositories initialized!
2020-08-21 13:55:10.099  INFO 8332 --- [restartedMain] c.i.filecabinet.FilecabinetApplication   : Started FilecabinetApplication in 1.834 seconds (JVM running for 1331.751)
2020-08-21 13:55:10.101  INFO 8332 --- [restartedMain] .ConditionEvaluationDeltaLoggingListener : Condition evaluation unchanged
2020-08-21 13:55:11.692  INFO 8332 --- [http-nio-8080-exec-1] o.a.c.c.C.[Tomcat].[localhost].[/]       : Initializing Spring DispatcherServlet 'dispatcherServlet'
2020-08-21 13:55:11.692  INFO 8332 --- [http-nio-8080-exec-1] o.s.web.servlet.DispatcherServlet        : Initializing Servlet 'dispatcherServlet'
2020-08-21 13:55:11.697  INFO 8332 --- [http-nio-8080-exec-1] o.s.web.servlet.DispatcherServlet        : Completed initialization in 5 ms
2020-08-21 13:55:11.699 DEBUG 8332 --- [http-nio-8080-exec-1] c.i.f.s.impl.DepartmentServiceImpl       : Department Service >> Finding department by Id 1000
2020-08-21 13:55:25.955 DEBUG 8332 --- [http-nio-8080-exec-7] c.i.f.s.impl.DepartmentServiceImpl       : Department Service >> Finding all departments with pagination Page request [number: 0, size 20, sort: name: ASC]
